{"name": "Отсутствие обязательных полей", "status": "failed", "statusDetails": {"message": "AssertionError", "trace": "self = <tests.test_login_courier.TestLoginCourier object at 0x000001A327C63E00>\nprepare_courier = (385924, {'firstName': 'Семен', 'login': 'Молчанова Анастасия Андреевна', 'password': '1234567'}), test_payload = 'password'\n\n    @allure.feature('Авторизация курьера')\n    @allure.story('Негативные данные')\n    @allure.suite('Авторизация курьера')\n    @allure.sub_suite('Негативные данные')\n    @allure.title('Отсутствие обязательных полей')\n    @allure.description(\n        'Параметризованный тест, что для авторизации нужно передать все обязательные поля. Если не задать '\n        'пароль, то запрос падает в 504 ошибку, вместо обработки и ответа 400. ')\n    @pytest.mark.parametrize('test_payload', data_delete_field())\n    def test_authorization_courier_without_requirement_field(self, prepare_courier, test_payload):\n        get = GetCourierId()\n        bad_payload = prepare_courier[1].copy()\n        del bad_payload[test_payload]\n        get.get_id(bad_payload)\n>       get.response_is(400)\n\ntests\\test_login_courier.py:64: \n_ _ _ _ _ _ _ _ _ _ _ _ _ _ _ _ _ _ _ _ _ _ _ _ _ _ _ _ _ _ _ _ _ _ _ _ _ _ _ _ _ _ _ _ _ _ _ _ _ _ _ _ _ _ _ _ _ _ _ _ _ _ _ _ _ _ _ _ _ _ _ _ _ _ _ _ _ _ _ _ _ _ \n\nself = <endpoint.couriers.get_courier_id.GetCourierId object at 0x000001A327D1EE10>, code = 400\n\n    def response_is(self, code):\n        with allure.step(f'Ожидаемый ответ {code}, фактический {self.status}'):\n>           assert self.status == code\nE           AssertionError\n\nendpoint\\base_endpoint.py:11: AssertionError"}, "description": "Параметризованный тест, что для авторизации нужно передать все обязательные поля. Если не задать пароль, то запрос падает в 504 ошибку, вместо обработки и ответа 400. ", "steps": [{"name": "Получение  id курьера", "status": "passed", "start": 1726947148182, "stop": 1726947208326}, {"name": "Ожидаемый ответ 400, фактический 504", "status": "failed", "statusDetails": {"message": "AssertionError\n", "trace": "  File \"C:\\Users\\Admin\\PycharmProjects\\Sprint_7\\endpoint\\base_endpoint.py\", line 11, in response_is\n    assert self.status == code\n           ^^^^^^^^^^^^^^^^^^^\n"}, "start": 1726947208327, "stop": 1726947208327}], "parameters": [{"name": "test_payload", "value": "'password'"}], "start": 1726947148182, "stop": 1726947208330, "uuid": "57ae3981-e132-48dd-a665-ee3d83efb752", "historyId": "4d6877fed5b13a06f330432de756e52f", "testCaseId": "f077fc38bf1118e30d7433d9d0db793f", "fullName": "tests.test_login_courier.TestLoginCourier#test_authorization_courier_without_requirement_field", "labels": [{"name": "suite", "value": "Авторизация курьера"}, {"name": "feature", "value": "Авторизация курьера"}, {"name": "subSuite", "value": "Негативные данные"}, {"name": "story", "value": "Негативные данные"}, {"name": "parentSuite", "value": "tests"}, {"name": "host", "value": "KITCHEN"}, {"name": "thread", "value": "14296-MainThread"}, {"name": "framework", "value": "pytest"}, {"name": "language", "value": "cpython3"}, {"name": "package", "value": "tests.test_login_courier"}]}